# JRE version: 7.0_07-b11
# Java VM: Java HotSpot(TM) Client VM (23.3-b01 mixed mode windows-x86 )
Heap
 def new generation   total 79488K, used 79488K [0x03c20000, 0x09260000, 0x19170000)
  eden space 70656K, 100% used [0x03c20000, 0x08120000, 0x08120000)
  from space 8832K, 100% used [0x08120000, 0x089c0000, 0x089c0000)
  to   space 8832K,  99% used [0x089c0000, 0x0925fff8, 0x09260000)
 tenured generation   total 176560K, used 124496K [0x19170000, 0x23ddc000, 0x43c20000)
   the space 176560K,  70% used [0x19170000, 0x20b04008, 0x20b04200, 0x23ddc000)
 compacting perm gen  total 40192K, used 40160K [0x43c20000, 0x46360000, 0x53c20000)
   the space 40192K,  99% used [0x43c20000, 0x46358170, 0x46358200, 0x46360000)
GC Heap History (10 events):
Event: 36084.490 GC heap after
Heap after GC invocations=1002 (full 92):
 def new generation   total 79488K, used 4028K [0x03c20000, 0x09260000, 0x19170000)
  eden space 70656K,   0% used [0x03c20000, 0x03c20000, 0x08120000)
  from space 8832K,  45% used [0x08120000, 0x0850f088, 0x089c0000)
  to   space 8832K,   0% used [0x089c0000, 0x089c0000, 0x09260000)
 tenured generation   total 176560K, used 68008K [0x19170000, 0x23ddc000, 0x43c20000)
   the space 176560K,  38% used [0x19170000, 0x1d3da378, 0x1d3da400, 0x23ddc000)
 compacting perm gen  total 40192K, used 40143K [0x43c20000, 0x46360000, 0x53c20000)
   the space 40192K,  99% used [0x43c20000, 0x46353f40, 0x46354000, 0x46360000)
No shared spaces configured.
}
Event: 36084.831 GC heap before
{Heap before GC invocations=1002 (full 92):
 def new generation   total 79488K, used 74684K [0x03c20000, 0x09260000, 0x19170000)
  eden space 70656K, 100% used [0x03c20000, 0x08120000, 0x08120000)
  from space 8832K,  45% used [0x08120000, 0x0850f088, 0x089c0000)
  to   space 8832K,   0% used [0x089c0000, 0x089c0000, 0x09260000)
 tenured generation   total 176560K, used 68008K [0x19170000, 0x23ddc000, 0x43c20000)
   the space 176560K,  38% used [0x19170000, 0x1d3da378, 0x1d3da400, 0x23ddc000)
 compacting perm gen  total 40192K, used 40146K [0x43c20000, 0x46360000, 0x53c20000)
   the space 40192K,  99% used [0x43c20000, 0x46354b40, 0x46354c00, 0x46360000)
No shared spaces configured.
Event: 36084.855 GC heap after
Heap after GC invocations=1003 (full 92):
 def new generation   total 79488K, used 7106K [0x03c20000, 0x09260000, 0x19170000)
  eden space 70656K,   0% used [0x03c20000, 0x03c20000, 0x08120000)
  from space 8832K,  80% used [0x089c0000, 0x090b0928, 0x09260000)
  to   space 8832K,   0% used [0x08120000, 0x08120000, 0x089c0000)
 tenured generation   total 176560K, used 68008K [0x19170000, 0x23ddc000, 0x43c20000)
   the space 176560K,  38% used [0x19170000, 0x1d3da378, 0x1d3da400, 0x23ddc000)
 compacting perm gen  total 40192K, used 40146K [0x43c20000, 0x46360000, 0x53c20000)
   the space 40192K,  99% used [0x43c20000, 0x46354b40, 0x46354c00, 0x46360000)
No shared spaces configured.
}
Event: 36086.407 GC heap before
{Heap before GC invocations=1003 (full 92):
 def new generation   total 79488K, used 77762K [0x03c20000, 0x09260000, 0x19170000)
  eden space 70656K, 100% used [0x03c20000, 0x08120000, 0x08120000)
  from space 8832K,  80% used [0x089c0000, 0x090b0928, 0x09260000)
  to   space 8832K,   0% used [0x08120000, 0x08120000, 0x089c0000)
 tenured generation   total 176560K, used 68008K [0x19170000, 0x23ddc000, 0x43c20000)
   the space 176560K,  38% used [0x19170000, 0x1d3da378, 0x1d3da400, 0x23ddc000)
 compacting perm gen  total 40192K, used 40146K [0x43c20000, 0x46360000, 0x53c20000)
   the space 40192K,  99% used [0x43c20000, 0x46354b40, 0x46354c00, 0x46360000)
No shared spaces configured.
Event: 36086.434 GC heap after
Heap after GC invocations=1004 (full 92):
 def new generation   total 79488K, used 8832K [0x03c20000, 0x09260000, 0x19170000)
  eden space 70656K,   0% used [0x03c20000, 0x03c20000, 0x08120000)
  from space 8832K, 100% used [0x08120000, 0x089c0000, 0x089c0000)
  to   space 8832K,   0% used [0x089c0000, 0x089c0000, 0x09260000)
 tenured generation   total 176560K, used 72523K [0x19170000, 0x23ddc000, 0x43c20000)
   the space 176560K,  41% used [0x19170000, 0x1d842f98, 0x1d843000, 0x23ddc000)
 compacting perm gen  total 40192K, used 40146K [0x43c20000, 0x46360000, 0x53c20000)
   the space 40192K,  99% used [0x43c20000, 0x46354b40, 0x46354c00, 0x46360000)
No shared spaces configured.
}
Event: 36091.833 GC heap before
{Heap before GC invocations=1004 (full 92):
 def new generation   total 79488K, used 79488K [0x03c20000, 0x09260000, 0x19170000)
  eden space 70656K, 100% used [0x03c20000, 0x08120000, 0x08120000)
  from space 8832K, 100% used [0x08120000, 0x089c0000, 0x089c0000)
  to   space 8832K,   0% used [0x089c0000, 0x089c0000, 0x09260000)
 tenured generation   total 176560K, used 72523K [0x19170000, 0x23ddc000, 0x43c20000)
   the space 176560K,  41% used [0x19170000, 0x1d842f98, 0x1d843000, 0x23ddc000)
 compacting perm gen  total 40192K, used 40160K [0x43c20000, 0x46360000, 0x53c20000)
   the space 40192K,  99% used [0x43c20000, 0x46358170, 0x46358200, 0x46360000)
No shared spaces configured.
Event: 36091.898 GC heap after
Heap after GC invocations=1005 (full 92):
 def new generation   total 79488K, used 8832K [0x03c20000, 0x09260000, 0x19170000)
  eden space 70656K,   0% used [0x03c20000, 0x03c20000, 0x08120000)
  from space 8832K, 100% used [0x089c0000, 0x09260000, 0x09260000)
  to   space 8832K,   0% used [0x08120000, 0x08120000, 0x089c0000)
 tenured generation   total 176560K, used 82354K [0x19170000, 0x23ddc000, 0x43c20000)
   the space 176560K,  46% used [0x19170000, 0x1e1dc830, 0x1e1dca00, 0x23ddc000)
 compacting perm gen  total 40192K, used 40160K [0x43c20000, 0x46360000, 0x53c20000)
   the space 40192K,  99% used [0x43c20000, 0x46358170, 0x46358200, 0x46360000)
No shared spaces configured.
}
Event: 36092.179 GC heap before
{Heap before GC invocations=1005 (full 92):
 def new generation   total 79488K, used 79488K [0x03c20000, 0x09260000, 0x19170000)
  eden space 70656K, 100% used [0x03c20000, 0x08120000, 0x08120000)
  from space 8832K, 100% used [0x089c0000, 0x09260000, 0x09260000)
  to   space 8832K,   0% used [0x08120000, 0x08120000, 0x089c0000)
 tenured generation   total 176560K, used 82354K [0x19170000, 0x23ddc000, 0x43c20000)
   the space 176560K,  46% used [0x19170000, 0x1e1dc830, 0x1e1dca00, 0x23ddc000)
 compacting perm gen  total 40192K, used 40160K [0x43c20000, 0x46360000, 0x53c20000)
   the space 40192K,  99% used [0x43c20000, 0x46358170, 0x46358200, 0x46360000)
No shared spaces configured.
Event: 36093.132 GC heap after
Heap after GC invocations=1006 (full 92):
 def new generation   total 79488K, used 8832K [0x03c20000, 0x09260000, 0x19170000)
  eden space 70656K,   0% used [0x03c20000, 0x03c20000, 0x08120000)
  from space 8832K, 100% used [0x08120000, 0x089c0000, 0x089c0000)
  to   space 8832K,   0% used [0x089c0000, 0x089c0000, 0x09260000)
 tenured generation   total 176560K, used 115764K [0x19170000, 0x23ddc000, 0x43c20000)
   the space 176560K,  65% used [0x19170000, 0x2027d1d0, 0x2027d200, 0x23ddc000)
 compacting perm gen  total 40192K, used 40160K [0x43c20000, 0x46360000, 0x53c20000)
   the space 40192K,  99% used [0x43c20000, 0x46358170, 0x46358200, 0x46360000)
No shared spaces configured.
}
Event: 36093.431 GC heap before
{Heap before GC invocations=1006 (full 92):
 def new generation   total 79488K, used 79488K [0x03c20000, 0x09260000, 0x19170000)
  eden space 70656K, 100% used [0x03c20000, 0x08120000, 0x08120000)
  from space 8832K, 100% used [0x08120000, 0x089c0000, 0x089c0000)
  to   space 8832K,   0% used [0x089c0000, 0x089c0000, 0x09260000)
 tenured generation   total 176560K, used 115764K [0x19170000, 0x23ddc000, 0x43c20000)
   the space 176560K,  65% used [0x19170000, 0x2027d1d0, 0x2027d200, 0x23ddc000)
 compacting perm gen  total 40192K, used 40160K [0x43c20000, 0x46360000, 0x53c20000)
   the space 40192K,  99% used [0x43c20000, 0x46358170, 0x46358200, 0x46360000)
No shared spaces configured.

